 myid:           2 nloc:        1000
           2 starting znAupd
 myid:           3 nloc:        1000
 myid:           4 nloc:        1000
           3 starting znAupd
 myid:           0 nloc:        1000
           4 starting znAupd
 myid:           1 nloc:        1000
           0 starting znAupd
           1 starting znAupd
           1 finished znAupd
           2 finished znAupd
           3 finished znAupd
           4 finished znAupd
 time:  0.130888594000134       5.285427095368409E-002  4.843355114959778E-002
           0 finished znAupd
           3 finished znEupd
           4 finished znEupd
           2 finished znEupd
           0 finished znEupd
           1 finished znEupd
 Execution time:    13.95653      seconds
 Execution time:    13.94065      seconds
 Execution time:    13.84803      seconds
 Execution time:    13.90935      seconds
 Execution time:    13.69509      seconds
